Arguments: 
  /usr/local/bin/node /usr/local/bin/yarn add @types/cors @types/express ts-node-dev -D

PATH: 
  /home/gabriel/.zinit/polaris/bin:/usr/local/sbin:/usr/local/bin:/usr/sbin:/usr/bin:/sbin:/bin:/usr/games:/usr/local/games:/snap/bin:/home/gabriel/.yarn/bin:/home/gabriel/.yarn/bin

Yarn version: 
  1.22.10

Node version: 
  14.16.0

Platform: 
  linux x64

Trace: 
  SyntaxError: /home/gabriel/Documentos/github/teste-desenvolvimento-web/backend/package.json: Unexpected token } in JSON at position 624
      at JSON.parse (<anonymous>)
      at /usr/local/lib/node_modules/yarn/lib/cli.js:1625:59
      at Generator.next (<anonymous>)
      at step (/usr/local/lib/node_modules/yarn/lib/cli.js:310:30)
      at /usr/local/lib/node_modules/yarn/lib/cli.js:321:13

npm manifest: 
  {
    "name": "backend",
    "version": "1.0.0",
    "main": "index.js",
    "license": "MIT",
    "scripts": {
      "build": "babel src --extensions \".js,.ts\" --out-dir dist --copy-files",
      "start": "node dist/server.js",
      "dev": "tsnd --ignore-watch node_modules --respawn --transpile-only src/server.ts --file"
    },
    "dependencies": {
      "@babel/cli": "^7.14.5",
      "@babel/core": "^7.14.6",
      "@babel/node": "^7.14.7",
      "@babel/preset-env": "^7.14.7",
      "@babel/preset-typescript": "^7.14.5",
      "axios": "^0.21.1",
      "babel-plugin-module-resolver": "^4.1.0",
      "cors": "^2.8.5",
      "express": "^4.17.1",
    },
    "devDependencies": {
      "@types/cors": "^2.8.10",
      "@types/express": "^4.17.12",
      "ts-node-dev": "^1.1.6",
      "typescript": "^4.3.2"
    }
  }

yarn manifest: 
  No manifest

Lockfile: 
  # THIS IS AN AUTOGENERATED FILE. DO NOT EDIT THIS FILE DIRECTLY.
  # yarn lockfile v1
  
  
  typescript@^4.3.4:
    version "4.3.4"
    resolved "https://registry.yarnpkg.com/typescript/-/typescript-4.3.4.tgz#3f85b986945bcf31071decdd96cf8bfa65f9dcbc"
    integrity sha512-uauPG7XZn9F/mo+7MrsRjyvbxFpzemRjKEZXS4AK83oP2KKOJPvb+9cO/gmnv8arWZvhnjVOXz7B49m1l0e9Ew==
